 * Stopping Send an event to indicate plymouth is up[94G[ OK ]
 * Starting Mount filesystems on boot[94G[ OK ]
 * Starting Populate /dev filesystem[94G[ OK ]
 * Starting Populate and link to /run filesystem[94G[ OK ]
 * Stopping Populate /dev filesystem[94G[ OK ]
 * Stopping Populate and link to /run filesystem[94G[ OK ]
 * Stopping Track if upstart is running in a container[94G[ OK ]
 * Starting Initialize or finalize resolvconf[94G[ OK ]
 * Starting Signal sysvinit that the rootfs is mounted[94G[ OK ]
 * Starting set console keymap[94G[ OK ]
 * Starting Signal sysvinit that virtual filesystems are mounted[94G[ OK ]
 * Starting Signal sysvinit that virtual filesystems are mounted[94G[ OK ]
 * Starting Bridge udev events into upstart[94G[ OK ]
 * Starting Signal sysvinit that remote filesystems are mounted[94G[ OK ]
 * Starting Clean /tmp directory[94G[ OK ]
 * Stopping set console keymap[94G[ OK ]
 * Starting device node and kernel event manager[94G[ OK ]
 * Stopping Read required files in advance (for other mountpoints)[94G[ OK ]
 * Starting load modules from /etc/modules[94G[ OK ]
 * Starting cold plug devices[94G[ OK ]
 * Starting log initial device creation[94G[ OK ]
 * Stopping Clean /tmp directory[94G[ OK ]
 * Starting Signal sysvinit that local filesystems are mounted[94G[ OK ]
 * Stopping Mount filesystems on boot[94G[ OK ]
 * Stopping load modules from /etc/modules[94G[ OK ]
 * Starting flush early job output to logs[94G[ OK ]
 * Stopping flush early job output to logs[94G[ OK ]
 * Starting Bridge file events into upstart[94G[ OK ]
 * Starting D-Bus system message bus[94G[ OK ]
 * Starting SystemD login management service[94G[ OK ]
 * Starting system logging daemon[94G[ OK ]
 * Starting Uncomplicated firewall[94G[ OK ]
 * Starting configure network device security[94G[ OK ]
 * Starting configure network device security[94G[ OK ]
 * Starting Mount network filesystems[94G[ OK ]
 * Stopping Mount network filesystems[94G[ OK ]
 * Starting Bridge socket events into upstart[94G[ OK ]
 * Starting Failsafe Boot Delay[94G[ OK ]
 * Starting configure network device[94G[ OK ]
 * Stopping cold plug devices[94G[ OK ]
 * Stopping log initial device creation[94G[ OK ]
 * Starting configure network device security[94G[ OK ]
 * Starting userspace bootsplash[94G[ OK ]
 * Starting Send an event to indicate plymouth is up[94G[ OK ]
 * Stopping userspace bootsplash[94G[ OK ]
 * Starting configure virtual network devices[94G[ OK ]
 * Stopping Send an event to indicate plymouth is up[94G[ OK ]
 * Starting Mount network filesystems[94G[ OK ]
 * Stopping Mount network filesystems[94G[ OK ]
 * Starting configure network device[94G[ OK ]
 * Stopping Failsafe Boot Delay[94G[ OK ]
 * Starting System V initialisation compatibility[94G[ OK ]
Skipping profile in /etc/apparmor.d/disable: usr.sbin.rsyslogd
 * Starting AppArmor profiles       [100G [94G[ OK ]
 * Setting up X socket directories...       [100G [94G[ OK ]
 * Stopping System V initialisation compatibility[94G[ OK ]
 * Starting System V runlevel compatibility[94G[ OK ]
 * Starting deferred execution scheduler[94G[ OK ]
 * Starting regular background program processing daemon[94G[ OK ]
 * Starting save kernel messages[94G[ OK ]
 * Starting ACPI daemon[94G[ OK ]
 * Starting redis server[94G[ OK ]
 * Starting OpenSSH server[94G[ OK ]
 * Restoring resolver state...       [100G [94G[ OK ]
 * Stopping save kernel messages[94G[ OK ]
 * Stopping CPU interrupts balancing daemon[94G[ OK ]
Starting redis-server:  * Starting redis server[94G[ OK ]
redis-server.
 * Starting automatic crash report generation[94G[ OK ]
AH00558: apache2: Could not reliably determine the server's fully qualified domain name, using 127.0.1.1. Set the 'ServerName' directive globally to suppress this message
 * 
 * Stopping System V runlevel compatibility[94G[ OK ]
