Counted 1 CPUs

ureadahead:events/fs/open_exec/enable: Ignored relative path
ureadahead:buffer_size_kb: Ignored relative path
ureadahead:tracing_on: Ignored relative path
ureadahead:resolvconf: Ignored relative path
ureadahead:.: Ignored relative path
ureadahead:.: Ignored relative path
ureadahead:.: Ignored relative path
ureadahead:.: Ignored relative path
ureadahead:.: Ignored relative path
ureadahead:.: Ignored relative path
ureadahead:.: Ignored relative path
ureadahead:.: Ignored relative path
ureadahead:.: Ignored relative path
ureadahead:.: Ignored relative path
ureadahead:.: Ignored relative path
ureadahead:.: Ignored relative path
ureadahead:.: Ignored relative path
ureadahead:.: Ignored relative path
ureadahead:.: Ignored relative path
ureadahead:.: Ignored relative path
ureadahead:.X11-unix: Ignored relative path
ureadahead:..: Ignored relative path
ureadahead:.ICE-unix: Ignored relative path
ureadahead:..: Ignored relative path
ureadahead:.: Ignored relative path
ureadahead:.: Ignored relative path
ureadahead:.: Ignored relative path
ureadahead:.X11-unix: Ignored relative path
ureadahead:..: Ignored relative path
ureadahead:.X11-unix: Ignored relative path
ureadahead:.ICE-unix: Ignored relative path
ureadahead:..: Ignored relative path
ureadahead:.ICE-unix: Ignored relative path
ureadahead:dev/null: Ignored relative path
ureadahead:dbus: Ignored relative path
ureadahead:mask: Ignored relative path
ureadahead:signal: Ignored relative path
ureadahead:mask: Ignored relative path
ureadahead:ptrace: Ignored relative path
ureadahead:mask: Ignored relative path
ureadahead:caps: Ignored relative path
ureadahead:mask: Ignored relative path
ureadahead:rlimit: Ignored relative path
ureadahead:mask: Ignored relative path
ureadahead:capability: Ignored relative path
ureadahead:namespaces: Ignored relative path
ureadahead:pivot_root: Ignored relative path
ureadahead:profile: Ignored relative path
ureadahead:mount: Ignored relative path
ureadahead:mask: Ignored relative path
ureadahead:network: Ignored relative path
ureadahead:af_mask: Ignored relative path
ureadahead:file: Ignored relative path
ureadahead:mask: Ignored relative path
ureadahead:domain: Ignored relative path
ureadahead:change_profile: Ignored relative path
ureadahead:change_onexec: Ignored relative path
ureadahead:change_hatv: Ignored relative path
ureadahead:change_hat: Ignored relative path
ureadahead:policy: Ignored relative path
ureadahead:set_load: Ignored relative path
ureadahead:versions: Ignored relative path
ureadahead:v6: Ignored relative path
ureadahead:v5: Ignored relative path
ureadahead:dbus: Ignored relative path
ureadahead:mask: Ignored relative path
ureadahead:signal: Ignored relative path
ureadahead:mask: Ignored relative path
ureadahead:ptrace: Ignored relative path
ureadahead:mask: Ignored relative path
ureadahead:caps: Ignored relative path
ureadahead:mask: Ignored relative path
ureadahead:rlimit: Ignored relative path
ureadahead:mask: Ignored relative path
ureadahead:capability: Ignored relative path
ureadahead:namespaces: Ignored relative path
ureadahead:pivot_root: Ignored relative path
ureadahead:profile: Ignored relative path
ureadahead:mount: Ignored relative path
ureadahead:mask: Ignored relative path
ureadahead:network: Ignored relative path
ureadahead:af_mask: Ignored relative path
ureadahead:file: Ignored relative path
ureadahead:mask: Ignored relative path
ureadahead:domain: Ignored relative path
ureadahead:change_profile: Ignored relative path
ureadahead:change_onexec: Ignored relative path
ureadahead:change_hatv: Ignored relative path
ureadahead:change_hat: Ignored relative path
ureadahead:policy: Ignored relative path
ureadahead:set_load: Ignored relative path
ureadahead:versions: Ignored relative path
ureadahead:v6: Ignored relative path
ureadahead:v5: Ignored relative path
ureadahead:dbus: Ignored relative path
ureadahead:mask: Ignored relative path
ureadahead:signal: Ignored relative path
ureadahead:mask: Ignored relative path
ureadahead:ptrace: Ignored relative path
ureadahead:mask: Ignored relative path
ureadahead:caps: Ignored relative path
ureadahead:mask: Ignored relative path
ureadahead:rlimit: Ignored relative path
ureadahead:mask: Ignored relative path
ureadahead:capability: Ignored relative path
ureadahead:namespaces: Ignored relative path
ureadahead:pivot_root: Ignored relative path
ureadahead:profile: Ignored relative path
ureadahead:mount: Ignored relative path
ureadahead:mask: Ignored relative path
ureadahead:network: Ignored relative path
ureadahead:af_mask: Ignored relative path
ureadahead:file: Ignored relative path
ureadahead:mask: Ignored relative path
ureadahead:domain: Ignored relative path
ureadahead:change_profile: Ignored relative path
ureadahead:change_onexec: Ignored relative path
ureadahead:change_hatv: Ignored relative path
ureadahead:change_hat: Ignored relative path
ureadahead:policy: Ignored relative path
ureadahead:set_load: Ignored relative path
ureadahead:versions: Ignored relative path
ureadahead:v6: Ignored relative path
ureadahead:v5: Ignored relative path
ureadahead:dm/uuid: Ignored relative path
ureadahead:dm/uuid: Ignored relative path
ureadahead:size: Ignored relative path
ureadahead:start: Ignored relative path
ureadahead:size: Ignored relative path
ureadahead:start: Ignored relative path
ureadahead:size: Ignored relative path
ureadahead:start: Ignored relative path
ureadahead:.: Ignored relative path
ureadahead:.: Ignored relative path
ureadahead:eth0.dhclient_new.649: Ignored relative path
ureadahead:.: Ignored relative path
ureadahead:.: Ignored relative path
ureadahead:.: Ignored relative path
ureadahead:.: Ignored relative path
ureadahead:.: Ignored relative path
ureadahead:.: Ignored relative path
ureadahead:.: Ignored relative path
ureadahead:.: Ignored relative path
ureadahead:.: Ignored relative path
ureadahead:.: Ignored relative path
ureadahead:.: Ignored relative path
ureadahead:.: Ignored relative path
ureadahead:eth0.dhclient: Ignored relative path
ureadahead:eth0.dhclient: Ignored relative path
ureadahead:eth0.dhclient: Ignored relative path
ureadahead:.: Ignored relative path
ureadahead:.: Ignored relative path
ureadahead:cache: Ignored relative path
ureadahead:..: Ignored relative path
ureadahead:abstractions: Ignored relative path
ureadahead:ubuntu-browsers.d: Ignored relative path
ureadahead:..: Ignored relative path
ureadahead:apparmor_api: Ignored relative path
ureadahead:..: Ignored relative path
ureadahead:..: Ignored relative path
ureadahead:disable: Ignored relative path
ureadahead:..: Ignored relative path
ureadahead:force-complain: Ignored relative path
ureadahead:..: Ignored relative path
ureadahead:tunables: Ignored relative path
ureadahead:xdg-user-dirs.d: Ignored relative path
ureadahead:..: Ignored relative path
ureadahead:home.d: Ignored relative path
ureadahead:..: Ignored relative path
ureadahead:multiarch.d: Ignored relative path
ureadahead:..: Ignored relative path
ureadahead:..: Ignored relative path
ureadahead:local: Ignored relative path
ureadahead:..: Ignored relative path
ureadahead:dbus: Ignored relative path
ureadahead:mask: Ignored relative path
ureadahead:signal: Ignored relative path
ureadahead:mask: Ignored relative path
ureadahead:ptrace: Ignored relative path
ureadahead:mask: Ignored relative path
ureadahead:caps: Ignored relative path
ureadahead:mask: Ignored relative path
ureadahead:rlimit: Ignored relative path
ureadahead:mask: Ignored relative path
ureadahead:capability: Ignored relative path
ureadahead:namespaces: Ignored relative path
ureadahead:pivot_root: Ignored relative path
ureadahead:profile: Ignored relative path
ureadahead:mount: Ignored relative path
ureadahead:mask: Ignored relative path
ureadahead:network: Ignored relative path
ureadahead:af_mask: Ignored relative path
ureadahead:file: Ignored relative path
ureadahead:mask: Ignored relative path
ureadahead:domain: Ignored relative path
ureadahead:change_profile: Ignored relative path
ureadahead:change_onexec: Ignored relative path
ureadahead:change_hatv: Ignored relative path
ureadahead:change_hat: Ignored relative path
ureadahead:policy: Ignored relative path
ureadahead:set_load: Ignored relative path
ureadahead:versions: Ignored relative path
ureadahead:v6: Ignored relative path
ureadahead:v5: Ignored relative path
ureadahead:dbus: Ignored relative path
ureadahead:mask: Ignored relative path
ureadahead:signal: Ignored relative path
ureadahead:mask: Ignored relative path
ureadahead:ptrace: Ignored relative path
ureadahead:mask: Ignored relative path
ureadahead:caps: Ignored relative path
ureadahead:mask: Ignored relative path
ureadahead:rlimit: Ignored relative path
ureadahead:mask: Ignored relative path
ureadahead:capability: Ignored relative path
ureadahead:namespaces: Ignored relative path
ureadahead:pivot_root: Ignored relative path
ureadahead:profile: Ignored relative path
ureadahead:mount: Ignored relative path
ureadahead:mask: Ignored relative path
ureadahead:network: Ignored relative path
ureadahead:af_mask: Ignored relative path
ureadahead:file: Ignored relative path
ureadahead:mask: Ignored relative path
ureadahead:domain: Ignored relative path
ureadahead:change_profile: Ignored relative path
ureadahead:change_onexec: Ignored relative path
ureadahead:change_hatv: Ignored relative path
ureadahead:change_hat: Ignored relative path
ureadahead:policy: Ignored relative path
ureadahead:set_load: Ignored relative path
ureadahead:versions: Ignored relative path
ureadahead:v6: Ignored relative path
ureadahead:v5: Ignored relative path
ureadahead:dbus: Ignored relative path
ureadahead:mask: Ignored relative path
ureadahead:signal: Ignored relative path
ureadahead:mask: Ignored relative path
ureadahead:ptrace: Ignored relative path
ureadahead:mask: Ignored relative path
ureadahead:caps: Ignored relative path
ureadahead:mask: Ignored relative path
ureadahead:rlimit: Ignored relative path
ureadahead:mask: Ignored relative path
ureadahead:capability: Ignored relative path
ureadahead:namespaces: Ignored relative path
ureadahead:pivot_root: Ignored relative path
ureadahead:profile: Ignored relative path
ureadahead:mount: Ignored relative path
ureadahead:mask: Ignored relative path
ureadahead:network: Ignored relative path
ureadahead:af_mask: Ignored relative path
ureadahead:file: Ignored relative path
ureadahead:mask: Ignored relative path
ureadahead:domain: Ignored relative path
ureadahead:change_profile: Ignored relative path
ureadahead:change_onexec: Ignored relative path
ureadahead:change_hatv: Ignored relative path
ureadahead:change_hat: Ignored relative path
ureadahead:policy: Ignored relative path
ureadahead:set_load: Ignored relative path
ureadahead:versions: Ignored relative path
ureadahead:v6: Ignored relative path
ureadahead:v5: Ignored relative path
ureadahead:.: Ignored relative path
ureadahead:.: Ignored relative path
ureadahead:.X11-unix: Ignored relative path
ureadahead:.ICE-unix: Ignored relative path
ureadahead:crontabs: Ignored relative path
ureadahead:.: Ignored relative path
ureadahead:.: Ignored relative path
ureadahead:.: Ignored relative path
ureadahead:powerbtn: Ignored relative path
ureadahead:.: Ignored relative path
ureadahead:dump.rdb: Ignored relative path
ureadahead:tracing_on: Ignored relative path
ureadahead:events/fs/open_exec/enable: Ignored relative path
ureadahead:events/fs/do_sys_open/enable: Ignored relative path
